<?xml version="1.0" encoding="UTF-8"?>
<!-- Generated by org.testng.reporters.JUnitXMLReporter -->
<testsuite ignored="0" hostname="DESKTOP-PGLM9PA" failures="0" tests="6" name="Default test" time="74.58" errors="0" timestamp="2022-09-30T04:32:05 IST">
  <testcase classname="com.pack.PageObjectFramework.featureTest.AmazonPlaceOrder" name="searchForItem" time="11.754"/>
  <testcase classname="com.pack.PageObjectFramework.featureTest.AmazonPlaceOrder" name="searchResult" time="6.697"/>
  <testcase classname="com.pack.PageObjectFramework.featureTest.AmazonPlaceOrder" name="buyNow" time="25.711"/>
  <testcase classname="com.pack.PageObjectFramework.featureTest.AmazonPlaceOrder" name="signIn" time="12.204"/>
  <testcase classname="com.pack.PageObjectFramework.featureTest.AmazonPlaceOrder" name="paymentMethod" time="0.656"/>
  <testcase classname="com.pack.PageObjectFramework.featureTest.AmazonPlaceOrder" name="placeYourOrder" time="5.745"/>
</testsuite> <!-- Default test -->
