<?xml version="1.0" encoding="UTF-8"?>
<!-- Generated by org.testng.reporters.JUnitXMLReporter -->
<testsuite ignored="0" hostname="DESKTOP-PGLM9PA" failures="0" tests="6" name="PaymentScenario" time="46.322" errors="0" timestamp="2022-09-30T05:01:37 IST">
  <testcase classname="com.pack.PageObjectFramework.featureTest.AmazonPlaceOrder" name="searchForItem" time="5.89"/>
  <testcase classname="com.pack.PageObjectFramework.featureTest.AmazonPlaceOrder" name="searchResult" time="2.682"/>
  <testcase classname="com.pack.PageObjectFramework.featureTest.AmazonPlaceOrder" name="buyNow" time="11.578"/>
  <testcase classname="com.pack.PageObjectFramework.featureTest.AmazonPlaceOrder" name="signIn" time="2.844"/>
  <testcase classname="com.pack.PageObjectFramework.featureTest.AmazonPlaceOrder" name="paymentMethod" time="5.105"/>
  <testcase classname="com.pack.PageObjectFramework.featureTest.AmazonPlaceOrder" name="placeYourOrder" time="6.779"/>
</testsuite> <!-- PaymentScenario -->
