<?xml version="1.0" encoding="UTF-8"?>
<!-- Generated by org.testng.reporters.JUnitXMLReporter -->
<testsuite ignored="0" hostname="DESKTOP-PGLM9PA" failures="0" tests="3" name="Test" time="44.557" errors="0" timestamp="2021-09-12T11:43:22 IST">
  <testcase classname="com.pack.PageObjectFramework.featureTest.LoginPageTest" name="login" time="3.303"/>
  <testcase classname="com.pack.PageObjectFramework.featureTest.LandingPageTest" name="popupClose" time="0.195"/>
  <testcase classname="com.pack.PageObjectFramework.featureTest.RegisterUserTest" name="registerUser" time="14.576"/>
</testsuite> <!-- Test -->
