<?xml version="1.0" encoding="UTF-8"?>
<!-- Generated by org.testng.reporters.JUnitXMLReporter -->
<testsuite ignored="0" hostname="DESKTOP-PGLM9PA" failures="0" tests="2" name="HomePageTest" time="34.958" errors="0" timestamp="2021-10-03T14:46:59 IST">
  <testcase classname="com.pack.PageObjectFramework.featureTest.LandingPageTest" name="popupClose" time="8.628"/>
  <testcase classname="com.pack.PageObjectFramework.featureTest.LandingPageTest" name="validateTitle" time="0.017"/>
</testsuite> <!-- HomePageTest -->
