<?xml version="1.0" encoding="UTF-8"?>
<!-- Generated by org.testng.reporters.JUnitXMLReporter -->
<testsuite ignored="0" hostname="DESKTOP-PGLM9PA" failures="0" tests="3" name="Test" time="51.514" errors="0" timestamp="2021-09-19T11:51:03 IST">
  <testcase classname="com.pack.PageObjectFramework.featureTest.LoginPageTest" name="login" time="4.695"/>
  <testcase classname="com.pack.PageObjectFramework.featureTest.LandingPageTest" name="popupClose" time="0.157"/>
  <testcase classname="com.pack.PageObjectFramework.featureTest.RegisterUserTest" name="registerUser" time="17.351"/>
</testsuite> <!-- Test -->
