<?xml version="1.0" encoding="UTF-8"?>
<testng-results ignored="0" total="5" passed="5" failed="0" skipped="0">
  <reporter-output>
  </reporter-output>
  <suite started-at="2021-10-03T14:46:24 IST" name="Suite" finished-at="2021-10-03T14:47:04 IST" duration-ms="40019">
    <groups>
    </groups>
    <test started-at="2021-10-03T14:46:24 IST" name="HomePageTest" finished-at="2021-10-03T14:46:59 IST" duration-ms="34958">
      <class name="com.pack.PageObjectFramework.featureTest.LandingPageTest">
        <test-method is-config="true" signature="initialize()[pri:0, instance:com.pack.PageObjectFramework.featureTest.LandingPageTest@13006998]" started-at="2021-10-03T14:46:24 IST" name="initialize" finished-at="2021-10-03T14:46:46 IST" duration-ms="21572" status="PASS">
          <reporter-output>
          </reporter-output>
        </test-method> <!-- initialize -->
        <test-method signature="popupClose()[pri:0, instance:com.pack.PageObjectFramework.featureTest.LandingPageTest@13006998]" started-at="2021-10-03T14:46:46 IST" name="popupClose" finished-at="2021-10-03T14:46:55 IST" duration-ms="8628" status="PASS">
          <reporter-output>
          </reporter-output>
        </test-method> <!-- popupClose -->
        <test-method signature="validateTitle()[pri:0, instance:com.pack.PageObjectFramework.featureTest.LandingPageTest@13006998]" started-at="2021-10-03T14:46:55 IST" name="validateTitle" finished-at="2021-10-03T14:46:55 IST" duration-ms="17" status="PASS">
          <reporter-output>
          </reporter-output>
        </test-method> <!-- validateTitle -->
        <test-method is-config="true" signature="shutdown()[pri:0, instance:com.pack.PageObjectFramework.featureTest.LandingPageTest@13006998]" started-at="2021-10-03T14:46:55 IST" name="shutdown" finished-at="2021-10-03T14:46:59 IST" duration-ms="4706" status="PASS">
          <reporter-output>
          </reporter-output>
        </test-method> <!-- shutdown -->
      </class> <!-- com.pack.PageObjectFramework.featureTest.LandingPageTest -->
    </test> <!-- HomePageTest -->
    <test started-at="2021-10-03T14:46:24 IST" name="RegisterTest" finished-at="2021-10-03T14:47:04 IST" duration-ms="39650">
      <class name="com.pack.PageObjectFramework.featureTest.RegisterUserTest">
        <test-method is-config="true" signature="initialize()[pri:0, instance:com.pack.PageObjectFramework.featureTest.RegisterUserTest@5a021cb9]" started-at="2021-10-03T14:46:24 IST" name="initialize" finished-at="2021-10-03T14:46:45 IST" duration-ms="20780" status="PASS">
          <reporter-output>
          </reporter-output>
        </test-method> <!-- initialize -->
        <test-method signature="registerUser(java.lang.String,java.lang.String,java.lang.String,java.lang.String)[pri:0, instance:com.pack.PageObjectFramework.featureTest.RegisterUserTest@5a021cb9]" started-at="2021-10-03T14:46:45 IST" name="registerUser" data-provider="registrationDetails" finished-at="2021-10-03T14:47:01 IST" duration-ms="15820" status="PASS">
          <params>
            <param index="0">
              <value>
                <![CDATA[Rahul Kumar Jha]]>
              </value>
            </param>
            <param index="1">
              <value>
                <![CDATA[rahulkumarjha@gmail.com]]>
              </value>
            </param>
            <param index="2">
              <value>
                <![CDATA[Rahul@123]]>
              </value>
            </param>
            <param index="3">
              <value>
                <![CDATA[Rahul@123]]>
              </value>
            </param>
          </params>
          <reporter-output>
          </reporter-output>
        </test-method> <!-- registerUser -->
        <test-method is-config="true" signature="shutdown()[pri:0, instance:com.pack.PageObjectFramework.featureTest.RegisterUserTest@5a021cb9]" started-at="2021-10-03T14:47:01 IST" name="shutdown" finished-at="2021-10-03T14:47:04 IST" duration-ms="3032" status="PASS">
          <reporter-output>
          </reporter-output>
        </test-method> <!-- shutdown -->
      </class> <!-- com.pack.PageObjectFramework.featureTest.RegisterUserTest -->
    </test> <!-- RegisterTest -->
    <test started-at="2021-10-03T14:46:24 IST" name="LoginTest" finished-at="2021-10-03T14:47:04 IST" duration-ms="40019">
      <class name="com.pack.PageObjectFramework.featureTest.LoginPageTest">
        <test-method is-config="true" signature="initialize()[pri:0, instance:com.pack.PageObjectFramework.featureTest.LoginPageTest@4108fa66]" started-at="2021-10-03T14:46:24 IST" name="initialize" finished-at="2021-10-03T14:46:39 IST" duration-ms="14854" status="PASS">
          <reporter-output>
          </reporter-output>
        </test-method> <!-- initialize -->
        <test-method signature="login(java.lang.String,java.lang.String)[pri:0, instance:com.pack.PageObjectFramework.featureTest.LoginPageTest@4108fa66]" started-at="2021-10-03T14:46:39 IST" name="login" data-provider="loginDetails" finished-at="2021-10-03T14:46:58 IST" duration-ms="18428" status="PASS">
          <params>
            <param index="0">
              <value>
                <![CDATA[rahulkumarjha@gmail.com]]>
              </value>
            </param>
            <param index="1">
              <value>
                <![CDATA[Rahul@123]]>
              </value>
            </param>
          </params>
          <reporter-output>
          </reporter-output>
        </test-method> <!-- login -->
        <test-method signature="login(java.lang.String,java.lang.String)[pri:0, instance:com.pack.PageObjectFramework.featureTest.LoginPageTest@4108fa66]" started-at="2021-10-03T14:46:58 IST" name="login" data-provider="loginDetails" finished-at="2021-10-03T14:47:02 IST" duration-ms="4507" status="PASS">
          <params>
            <param index="0">
              <value>
                <![CDATA[sankarkumarpatra@gmail.com]]>
              </value>
            </param>
            <param index="1">
              <value>
                <![CDATA[Sankar@123]]>
              </value>
            </param>
          </params>
          <reporter-output>
          </reporter-output>
        </test-method> <!-- login -->
        <test-method is-config="true" signature="shutdown()[pri:0, instance:com.pack.PageObjectFramework.featureTest.LoginPageTest@4108fa66]" started-at="2021-10-03T14:47:02 IST" name="shutdown" finished-at="2021-10-03T14:47:04 IST" duration-ms="2110" status="PASS">
          <reporter-output>
          </reporter-output>
        </test-method> <!-- shutdown -->
      </class> <!-- com.pack.PageObjectFramework.featureTest.LoginPageTest -->
    </test> <!-- LoginTest -->
  </suite> <!-- Suite -->
</testng-results>
