<?xml version="1.0" encoding="UTF-8"?>
<testsuite xmlns:xsi="http://www.w3.org/2001/XMLSchema-instance" xsi:noNamespaceSchemaLocation="https://maven.apache.org/surefire/maven-surefire-plugin/xsd/surefire-test-report.xsd" name="TestSuite" time="42.769" tests="5" errors="0" skipped="0" failures="0">
  <properties>
[...]
</properties>
  <testcase name="popupClose" classname="com.pack.PageObjectFramework.featureTest.LandingPageTest" time="8.633"/>
  <testcase name="validateTitle" classname="com.pack.PageObjectFramework.featureTest.LandingPageTest" time="0.019"/>
  <testcase name="login" classname="com.pack.PageObjectFramework.featureTest.LoginPageTest" time="3.17"/>
  <testcase name="login" classname="com.pack.PageObjectFramework.featureTest.LoginPageTest" time="4.508"/>
  <testcase name="registerUser" classname="com.pack.PageObjectFramework.featureTest.RegisterUserTest" time="3.216"/>
</testsuite>